build/app/outputs/mapping/release/seeds.txt
com.example.kiind_web.MainActivity
com.example.kiind_web.MainActivity: MainActivity()
...
com.pichillilorenzo.flutter_inappwebview_android.webview.WebViewChannelDelegate: void onReceivedHttpAuthRequest(com.pichillilorenzo.flutter_inappwebview_android.types.HttpAuthenticationChallenge,com.pichillilorenzo.flutter_inappwebview_android.webview.WebViewChannelDelegate$ReceivedHttpAuthRequestCallback)
com.pichillilorenzo.flutter_inappwebview_android.webview.in_app_webview.InAppWebViewClientCompat: void dispose()
com.pichillilorenzo.flutter_inappwebview_android.webview.in_app_webview.InputAwareWebView: InputAwareWebView(android.content.Context,android.view.View,java.lang.Boolean)
com.pichillilorenzo.flutter_inappwebview_android.webview.in_app_webview.InAppWebView: void scrollBy(java.lang.Integer,java.lang.Integer,java.lang.Boolean)
com.pichillilorenzo.flutter_inappwebview_android.types.ResolutionExt: com.pichillilorenzo.flutter_inappwebview_android.types.ResolutionExt fromResolution(android.print.PrintAttributes$Resolution)
com.pichillilorenzo.flutter_inappwebview_android.proxy.ProxySettings: ProxySettings()
io.flutter.view.TextureRegistry$SurfaceProducer: void scheduleFrame()
androidx.window.layout.SidecarWindowBackend$WindowLayoutChangeCallbackWrapper: androidx.window.layout.WindowLayoutInfo getLastInfo()
com.google.android.material.transformation.FabTransformationScrimBehavior: FabTransformationScrimBehavior()
androidx.lifecycle.ViewModel: ViewModel()
androidx.core.view.accessibility.AccessibilityRecordCompat$Api15Impl: int getMaxScrollY(android.view.accessibility.AccessibilityRecord)
io.flutter.embedding.engine.FlutterOverlaySurface: FlutterOverlaySurface(int,android.view.Surface)
com.stripe.android.view.PaymentMethodsRecyclerView: PaymentMethodsRecyclerView(android.content.Context,android.util.AttributeSet)
com.pichillilorenzo.flutter_inappwebview_android.types.JsAlertResponse: boolean equals(java.lang.Object)
com.cardinalcommerce.a.setVerticalFadingEdgeEnabled: setVerticalFadingEdgeEnabled()
com.google.android.material.snackbar.BaseTransientBottomBar$SnackbarBaseLayout: void setAnimationMode(int)
androidx.webkit.internal.ApiHelperForOMR1: void setSafeBrowsingWhitelist(java.util.List,android.webkit.ValueCallback)
com.pichillilorenzo.flutter_inappwebview_android.types.URLCredential: void setProtectionSpaceId(java.lang.Long)
com.pichillilorenzo.flutter_inappwebview_android.types.CreateWindowAction: CreateWindowAction(com.pichillilorenzo.flutter_inappwebview_android.types.URLRequest,boolean,boolean,boolean,int,boolean)
androidx.appcompat.widget.AppCompatRadioButton: androidx.appcompat.widget.AppCompatEmojiTextHelper getEmojiTextViewHelper()
com.google.android.material.textfield.TextInputLayout: android.graphics.drawable.Drawable getErrorIconDrawable()
com.cardinalcommerce.a.setLabelCustomization$12: setLabelCustomization$12()
com.pichillilorenzo.flutter_inappwebview_android.types.URLAuthenticationChallenge: java.util.Map toMap()
androidx.core.app.NotificationCompatBuilder$Api20Impl: android.app.Notification$Builder setLocalOnly(android.app.Notification$Builder,boolean)
androidx.compose.ui.platform.AndroidComposeView: void getLastMatrixRecalculationAnimationTime$ui_release$annotations()
androidx.constraintlayout.widget.VirtualLayout: void setElevation(float)
androidx.core.app.ActivityCompat$Api16Impl: void finishAffinity(android.app.Activity)
com.google.android.material.card.MaterialCardView: void setCheckedIcon(android.graphics.drawable.Drawable)
com.stripe.android.view.CardInputWidget: com.stripe.android.view.ExpiryDateEditText getExpiryDateEditText$payments_core_release()
androidx.appcompat.view.menu.ListMenuItemView: androidx.appcompat.view.menu.MenuItemImpl getItemData()
androidx.lifecycle.ReportFragment$LifecycleCallbacks: void registerIn(android.app.Activity)
com.stripe.android.core.browser.BrowserCapabilities: com.stripe.android.core.browser.BrowserCapabilities[] values()
com.pichillilorenzo.flutter_inappwebview_android.types.WebMessagePortCompatExt: java.lang.String getWebMessageChannelId()